Configuring hashtables-1.2.1.1...
Building hashtables-1.2.1.1...
Preprocessing library hashtables-1.2.1.1...
[ 1 of 12] Compiling Data.HashTable.Internal.UnsafeTricks ( src\Data\HashTable\Internal\UnsafeTricks.hs, .stack-work\dist\ca59d0ab\build\Data\HashTable\Internal\UnsafeTricks.o )
[ 2 of 12] Compiling Data.HashTable.Internal.IntArray ( src\Data\HashTable\Internal\IntArray.hs, .stack-work\dist\ca59d0ab\build\Data\HashTable\Internal\IntArray.o )

src\Data\HashTable\Internal\IntArray.hs:74:19: warning: [-Wdeprecations]
    In the use of `bitSize' (imported from Data.Bits):
    Deprecated: "Use 'bitSizeMaybe' or 'finiteBitSize' instead"
[ 3 of 12] Compiling Data.HashTable.Internal.Utils ( src\Data\HashTable\Internal\Utils.hs, .stack-work\dist\ca59d0ab\build\Data\HashTable\Internal\Utils.o )

src\Data\HashTable\Internal\Utils.hs:44:12: warning: [-Wdeprecations]
    In the use of `bitSize' (imported from Data.Bits):
    Deprecated: "Use 'bitSizeMaybe' or 'finiteBitSize' instead"

src\Data\HashTable\Internal\Utils.hs:54:31: warning: [-Wdeprecations]
    In the use of `bitSize' (imported from Data.Bits):
    Deprecated: "Use 'bitSizeMaybe' or 'finiteBitSize' instead"
[ 4 of 12] Compiling Data.HashTable.Internal.CheapPseudoRandomBitStream ( src\Data\HashTable\Internal\CheapPseudoRandomBitStream.hs, .stack-work\dist\ca59d0ab\build\Data\HashTable\Internal\CheapPseudoRandomBitStream.o )
[ 5 of 12] Compiling Data.HashTable.Internal.CacheLine ( src\Data\HashTable\Internal\CacheLine.hs, .stack-work\dist\ca59d0ab\build\Data\HashTable\Internal\CacheLine.o )
[ 6 of 12] Compiling Data.HashTable.Internal.Array ( src\Data\HashTable\Internal\Array.hs, .stack-work\dist\ca59d0ab\build\Data\HashTable\Internal\Array.o )
[ 7 of 12] Compiling Data.HashTable.Internal.Linear.Bucket ( src\Data\HashTable\Internal\Linear\Bucket.hs, .stack-work\dist\ca59d0ab\build\Data\HashTable\Internal\Linear\Bucket.o )
[ 8 of 12] Compiling Data.HashTable.Class ( src\Data\HashTable\Class.hs, .stack-work\dist\ca59d0ab\build\Data\HashTable\Class.o )
[ 9 of 12] Compiling Data.HashTable.ST.Basic ( src\Data\HashTable\ST\Basic.hs, .stack-work\dist\ca59d0ab\build\Data\HashTable\ST\Basic.o )

src\Data\HashTable\ST\Basic.hs:125:10: warning: [-Wdeprecations]
    In the use of `bitSize' (imported from Data.Bits):
    Deprecated: "Use 'bitSizeMaybe' or 'finiteBitSize' instead"

src\Data\HashTable\ST\Basic.hs:368:30: warning: [-Wdeprecations]
    In the use of `bitSize' (imported from Data.Bits):
    Deprecated: "Use 'bitSizeMaybe' or 'finiteBitSize' instead"
[10 of 12] Compiling Data.HashTable.ST.Cuckoo ( src\Data\HashTable\ST\Cuckoo.hs, .stack-work\dist\ca59d0ab\build\Data\HashTable\ST\Cuckoo.o )

src\Data\HashTable\ST\Cuckoo.hs:182:29: warning: [-Wdeprecations]
    In the use of `bitSize' (imported from Data.Bits):
    Deprecated: "Use 'bitSizeMaybe' or 'finiteBitSize' instead"
[11 of 12] Compiling Data.HashTable.ST.Linear ( src\Data\HashTable\ST\Linear.hs, .stack-work\dist\ca59d0ab\build\Data\HashTable\ST\Linear.o )
[12 of 12] Compiling Data.HashTable.IO ( src\Data\HashTable\IO.hs, .stack-work\dist\ca59d0ab\build\Data\HashTable\IO.o )
Installing library in
C:\sr\snapshots\62cfb14b\lib\x86_64-windows-ghc-8.0.2\hashtables-1.2.1.1-CvCXxmZFzjODUwEtnf4YU7
Registering hashtables-1.2.1.1...
